2023-12-17 21:12:632 INFO  HomePage :36 - Clicking on computer page link : [[ChromeDriver: chrome on windows (4c4fb77a12cb02f29b073dd0c4b61143)] -> xpath: //ul[@class='top-menu notmobile']//a[normalize-space()='Computers']]
2023-12-17 21:12:721 INFO  ComputersPage :26 - Getting Computers Text : [[ChromeDriver: chrome on windows (4c4fb77a12cb02f29b073dd0c4b61143)] -> xpath: //h1[normalize-space()='Computers']]
2023-12-17 21:12:321 INFO  HomePage :36 - Clicking on computer page link : [[ChromeDriver: chrome on windows (2f0e214bd35fafe050f6b249792f3fc2)] -> xpath: //ul[@class='top-menu notmobile']//a[normalize-space()='Computers']]
2023-12-17 21:12:213 INFO  ComputersPage :32 - Clicking On Desktops menu : [[ChromeDriver: chrome on windows (2f0e214bd35fafe050f6b249792f3fc2)] -> xpath: //li[@class='active last']//a[normalize-space()='Desktops']]
2023-12-17 21:12:263 INFO  DesktopPage :28 - Getting Computers Text : [[ChromeDriver: chrome on windows (2f0e214bd35fafe050f6b249792f3fc2)] -> xpath: //h1[normalize-space()='Desktops']]
2023-12-17 21:12:630 INFO  HomePage :36 - Clicking on computer page link : [[ChromeDriver: chrome on windows (3e61eb308bc21b39201b19ae330d9978)] -> xpath: //ul[@class='top-menu notmobile']//a[normalize-space()='Computers']]
2023-12-17 21:12:291 INFO  ComputersPage :32 - Clicking On Desktops menu : [[ChromeDriver: chrome on windows (3e61eb308bc21b39201b19ae330d9978)] -> xpath: //li[@class='active last']//a[normalize-space()='Desktops']]
2023-12-17 21:12:793 INFO  DesktopPage :34 - Clicking On Build Your Computer link : [[ChromeDriver: chrome on windows (3e61eb308bc21b39201b19ae330d9978)] -> xpath: //h2[@class='product-title']//a[normalize-space()='Build your own computer']]
2023-12-17 21:12:956 INFO  BuildYourOwnComputerPage :64 - Selecting processor from drop-down : [[ChromeDriver: chrome on windows (3e61eb308bc21b39201b19ae330d9978)] -> xpath: //select[@id='product_attribute_1']]
2023-12-17 21:12:64 INFO  BuildYourOwnComputerPage :69 - Selecting RAM from drop-down : [[ChromeDriver: chrome on windows (3e61eb308bc21b39201b19ae330d9978)] -> xpath: //select[@id='product_attribute_2']]
2023-12-17 21:12:139 INFO  BuildYourOwnComputerPage :74 - Selecting 320GB HDD : [[ChromeDriver: chrome on windows (3e61eb308bc21b39201b19ae330d9978)] -> xpath: //input[@id='product_attribute_3_6']]
2023-12-17 21:12:199 INFO  BuildYourOwnComputerPage :84 - Selecting Vista Home OS : [[ChromeDriver: chrome on windows (3e61eb308bc21b39201b19ae330d9978)] -> xpath: //input[@id='product_attribute_4_8']]
2023-12-17 21:12:264 INFO  BuildYourOwnComputerPage :94 - Clicking on Microsoft Office Software : [[ChromeDriver: chrome on windows (3e61eb308bc21b39201b19ae330d9978)] -> xpath: //input[@id='product_attribute_5_10']]
2023-12-17 21:12:313 INFO  BuildYourOwnComputerPage :94 - Clicking on Microsoft Office Software : [[ChromeDriver: chrome on windows (3e61eb308bc21b39201b19ae330d9978)] -> xpath: //input[@id='product_attribute_5_10']]
2023-12-17 21:12:376 INFO  BuildYourOwnComputerPage :109 - Clicking on Add to Cart : [[ChromeDriver: chrome on windows (3e61eb308bc21b39201b19ae330d9978)] -> xpath: //button[@id='add-to-cart-button-1']]
2023-12-17 21:12:26 INFO  BuildYourOwnComputerPage :113 - Getting Add to cart success message : [[ChromeDriver: chrome on windows (3e61eb308bc21b39201b19ae330d9978)] -> xpath: //p[@class='content']]
2023-12-17 21:12:654 INFO  HomePage :36 - Clicking on computer page link : [[ChromeDriver: chrome on windows (f99072f6d820d3882ed85571c007d83c)] -> xpath: //ul[@class='top-menu notmobile']//a[normalize-space()='Computers']]
2023-12-17 21:12:220 INFO  ComputersPage :32 - Clicking On Desktops menu : [[ChromeDriver: chrome on windows (f99072f6d820d3882ed85571c007d83c)] -> xpath: //li[@class='active last']//a[normalize-space()='Desktops']]
2023-12-17 21:12:709 INFO  DesktopPage :34 - Clicking On Build Your Computer link : [[ChromeDriver: chrome on windows (f99072f6d820d3882ed85571c007d83c)] -> xpath: //h2[@class='product-title']//a[normalize-space()='Build your own computer']]
2023-12-17 21:12:809 INFO  BuildYourOwnComputerPage :64 - Selecting processor from drop-down : [[ChromeDriver: chrome on windows (f99072f6d820d3882ed85571c007d83c)] -> xpath: //select[@id='product_attribute_1']]
2023-12-17 21:12:927 INFO  BuildYourOwnComputerPage :69 - Selecting RAM from drop-down : [[ChromeDriver: chrome on windows (f99072f6d820d3882ed85571c007d83c)] -> xpath: //select[@id='product_attribute_2']]
2023-12-17 21:12:06 INFO  BuildYourOwnComputerPage :79 - Selecting 400GB HDD : [[ChromeDriver: chrome on windows (f99072f6d820d3882ed85571c007d83c)] -> xpath: //input[@id='product_attribute_3_7']]
2023-12-17 21:12:90 INFO  BuildYourOwnComputerPage :89 - Selecting Vista Premier OS : [[ChromeDriver: chrome on windows (f99072f6d820d3882ed85571c007d83c)] -> xpath: //input[@id='product_attribute_4_9']]
2023-12-17 21:12:170 INFO  BuildYourOwnComputerPage :94 - Clicking on Microsoft Office Software : [[ChromeDriver: chrome on windows (f99072f6d820d3882ed85571c007d83c)] -> xpath: //input[@id='product_attribute_5_10']]
2023-12-17 21:12:227 INFO  BuildYourOwnComputerPage :99 - Clicking on Acrobat Reader Software : [[ChromeDriver: chrome on windows (f99072f6d820d3882ed85571c007d83c)] -> xpath: //input[@id='product_attribute_5_11']]
2023-12-17 21:12:287 INFO  BuildYourOwnComputerPage :109 - Clicking on Add to Cart : [[ChromeDriver: chrome on windows (f99072f6d820d3882ed85571c007d83c)] -> xpath: //button[@id='add-to-cart-button-1']]
2023-12-17 21:12:502 INFO  BuildYourOwnComputerPage :113 - Getting Add to cart success message : [[ChromeDriver: chrome on windows (f99072f6d820d3882ed85571c007d83c)] -> xpath: //p[@class='content']]
2023-12-17 21:12:786 INFO  HomePage :36 - Clicking on computer page link : [[ChromeDriver: chrome on windows (febeaa3e511ecf5a3c5900b68bb24d60)] -> xpath: //ul[@class='top-menu notmobile']//a[normalize-space()='Computers']]
2023-12-17 21:12:669 INFO  ComputersPage :32 - Clicking On Desktops menu : [[ChromeDriver: chrome on windows (febeaa3e511ecf5a3c5900b68bb24d60)] -> xpath: //li[@class='active last']//a[normalize-space()='Desktops']]
2023-12-17 21:12:189 INFO  DesktopPage :34 - Clicking On Build Your Computer link : [[ChromeDriver: chrome on windows (febeaa3e511ecf5a3c5900b68bb24d60)] -> xpath: //h2[@class='product-title']//a[normalize-space()='Build your own computer']]
2023-12-17 21:12:398 INFO  BuildYourOwnComputerPage :64 - Selecting processor from drop-down : [[ChromeDriver: chrome on windows (febeaa3e511ecf5a3c5900b68bb24d60)] -> xpath: //select[@id='product_attribute_1']]
2023-12-17 21:12:879 INFO  BuildYourOwnComputerPage :69 - Selecting RAM from drop-down : [[ChromeDriver: chrome on windows (febeaa3e511ecf5a3c5900b68bb24d60)] -> xpath: //select[@id='product_attribute_2']]
2023-12-17 21:12:72 INFO  BuildYourOwnComputerPage :74 - Selecting 320GB HDD : [[ChromeDriver: chrome on windows (febeaa3e511ecf5a3c5900b68bb24d60)] -> xpath: //input[@id='product_attribute_3_6']]
2023-12-17 21:12:198 INFO  BuildYourOwnComputerPage :89 - Selecting Vista Premier OS : [[ChromeDriver: chrome on windows (febeaa3e511ecf5a3c5900b68bb24d60)] -> xpath: //input[@id='product_attribute_4_9']]
2023-12-17 21:12:289 INFO  BuildYourOwnComputerPage :94 - Clicking on Microsoft Office Software : [[ChromeDriver: chrome on windows (febeaa3e511ecf5a3c5900b68bb24d60)] -> xpath: //input[@id='product_attribute_5_10']]
2023-12-17 21:12:349 INFO  BuildYourOwnComputerPage :104 - Clicking on Total Commander Software : [[ChromeDriver: chrome on windows (febeaa3e511ecf5a3c5900b68bb24d60)] -> xpath: //input[@id='product_attribute_5_12']]
2023-12-17 21:12:403 INFO  BuildYourOwnComputerPage :109 - Clicking on Add to Cart : [[ChromeDriver: chrome on windows (febeaa3e511ecf5a3c5900b68bb24d60)] -> xpath: //button[@id='add-to-cart-button-1']]
2023-12-17 21:12:60 INFO  BuildYourOwnComputerPage :113 - Getting Add to cart success message : [[ChromeDriver: chrome on windows (febeaa3e511ecf5a3c5900b68bb24d60)] -> xpath: //p[@class='content']]
2023-12-17 21:12:470 INFO  HomePage :46 - Clicking on login link : [[ChromeDriver: chrome on windows (9b27dcf97484b4d3faa0461b21f37224)] -> xpath: //a[normalize-space()='Log in']]
2023-12-17 21:12:510 INFO  LoginPage :39 - Getting welcome message : [[ChromeDriver: chrome on windows (9b27dcf97484b4d3faa0461b21f37224)] -> xpath: //h1[normalize-space()='Welcome, Please Sign In!']]
2023-12-17 21:12:828 INFO  HomePage :46 - Clicking on login link : [[ChromeDriver: chrome on windows (2716fcfd7ad41312a882732a9ac6e09b)] -> xpath: //a[normalize-space()='Log in']]
2023-12-17 21:12:942 INFO  LoginPage :45 - Sending text to email field : [[ChromeDriver: chrome on windows (2716fcfd7ad41312a882732a9ac6e09b)] -> id: Email]
2023-12-17 21:12:88 INFO  LoginPage :50 - Sending text to password field : [[ChromeDriver: chrome on windows (2716fcfd7ad41312a882732a9ac6e09b)] -> id: Password]
2023-12-17 21:12:442 INFO  LoginPage :55 - Clicking on login button : [[ChromeDriver: chrome on windows (2716fcfd7ad41312a882732a9ac6e09b)] -> xpath: //button[normalize-space()='Log in']]
2023-12-17 21:12:619 INFO  LoginPage :59 - Getting login unsuccessful message : [[ChromeDriver: chrome on windows (2716fcfd7ad41312a882732a9ac6e09b)] -> xpath: //div[@class='message-error validation-summary-errors']]
2023-12-17 21:12:685 INFO  HomePage :46 - Clicking on login link : [[ChromeDriver: chrome on windows (8b99d7263473f7618a7156153808963a)] -> xpath: //a[normalize-space()='Log in']]
2023-12-17 21:12:798 INFO  LoginPage :45 - Sending text to email field : [[ChromeDriver: chrome on windows (8b99d7263473f7618a7156153808963a)] -> id: Email]
2023-12-17 21:12:924 INFO  LoginPage :50 - Sending text to password field : [[ChromeDriver: chrome on windows (8b99d7263473f7618a7156153808963a)] -> id: Password]
2023-12-17 21:12:274 INFO  LoginPage :55 - Clicking on login button : [[ChromeDriver: chrome on windows (8b99d7263473f7618a7156153808963a)] -> xpath: //button[normalize-space()='Log in']]
2023-12-17 21:12:10 INFO  HomePage :46 - Clicking on login link : [[ChromeDriver: chrome on windows (c312f1945985380f080a001d01d4dda5)] -> xpath: //a[normalize-space()='Log in']]
2023-12-17 21:12:141 INFO  LoginPage :45 - Sending text to email field : [[ChromeDriver: chrome on windows (c312f1945985380f080a001d01d4dda5)] -> id: Email]
2023-12-17 21:12:236 INFO  LoginPage :50 - Sending text to password field : [[ChromeDriver: chrome on windows (c312f1945985380f080a001d01d4dda5)] -> id: Password]
2023-12-17 21:12:560 INFO  LoginPage :55 - Clicking on login button : [[ChromeDriver: chrome on windows (c312f1945985380f080a001d01d4dda5)] -> xpath: //button[normalize-space()='Log in']]
2023-12-17 21:12:126 INFO  RegisterPage :87 - Getting welcome message : [[ChromeDriver: chrome on windows (2eac6fb0d5eedf2adad0bd5d4aa3f9bb)] -> xpath: //h1[normalize-space()='Register']]
2023-12-17 21:12:572 INFO  RegisterPage :118 - Clicking on register button : [[ChromeDriver: chrome on windows (9cf4126099a63dbc4fb2540ce75ba9cc)] -> xpath: //button[@id='register-button']]
2023-12-17 21:12:592 INFO  RegisterPage :127 - Getting error message for firstname field : [[ChromeDriver: chrome on windows (9cf4126099a63dbc4fb2540ce75ba9cc)] -> id: FirstName-error]
2023-12-17 21:12:638 INFO  RegisterPage :132 - Getting error message for lastname field : [[ChromeDriver: chrome on windows (9cf4126099a63dbc4fb2540ce75ba9cc)] -> id: LastName-error]
2023-12-17 21:12:669 INFO  RegisterPage :137 - Getting error message for email field : [[ChromeDriver: chrome on windows (9cf4126099a63dbc4fb2540ce75ba9cc)] -> id: Email-error]
2023-12-17 21:12:710 INFO  RegisterPage :142 - Getting error message for password field : [[ChromeDriver: chrome on windows (9cf4126099a63dbc4fb2540ce75ba9cc)] -> id: Password-error]
2023-12-17 21:12:747 INFO  RegisterPage :147 - Getting error message for conform password field : [[ChromeDriver: chrome on windows (9cf4126099a63dbc4fb2540ce75ba9cc)] -> id: ConfirmPassword-error]
2023-12-17 21:12:842 INFO  RegisterPage :153 - Clicking on male radio button : [[ChromeDriver: chrome on windows (e88d668a787702fd4ca0d5811aa706fa)] -> id: gender-male]
2023-12-17 21:12:931 INFO  RegisterPage :93 - Sending text to firstname field : [[ChromeDriver: chrome on windows (e88d668a787702fd4ca0d5811aa706fa)] -> xpath: //input[@id='FirstName']]
2023-12-17 21:12:09 INFO  RegisterPage :98 - Sending text to lastname field : [[ChromeDriver: chrome on windows (e88d668a787702fd4ca0d5811aa706fa)] -> xpath: //input[@id='LastName']]
2023-12-17 21:12:120 INFO  RegisterPage :158 - Selecting day for DOB : [[ChromeDriver: chrome on windows (e88d668a787702fd4ca0d5811aa706fa)] -> xpath: //select[@name='DateOfBirthDay']]
2023-12-17 21:12:221 INFO  RegisterPage :163 - Selecting month for DOB : [[ChromeDriver: chrome on windows (e88d668a787702fd4ca0d5811aa706fa)] -> xpath: //select[@name='DateOfBirthMonth']]
2023-12-17 21:12:340 INFO  RegisterPage :168 - Selecting year for DOB : [[ChromeDriver: chrome on windows (e88d668a787702fd4ca0d5811aa706fa)] -> xpath: //select[@name='DateOfBirthYear']]
2023-12-17 21:12:430 INFO  RegisterPage :103 - Sending text to email field : [[ChromeDriver: chrome on windows (e88d668a787702fd4ca0d5811aa706fa)] -> xpath: //input[@id='Email']]
2023-12-17 21:12:538 INFO  RegisterPage :108 - Sending text to password field : [[ChromeDriver: chrome on windows (e88d668a787702fd4ca0d5811aa706fa)] -> xpath: //input[@id='Password']]
2023-12-17 21:12:618 INFO  RegisterPage :113 - Sending text to confirm password field : [[ChromeDriver: chrome on windows (e88d668a787702fd4ca0d5811aa706fa)] -> xpath: //input[@id='ConfirmPassword']]
2023-12-17 21:12:103 INFO  RegisterPage :118 - Clicking on register button : [[ChromeDriver: chrome on windows (e88d668a787702fd4ca0d5811aa706fa)] -> xpath: //button[@id='register-button']]
2023-12-17 21:12:189 INFO  RegisterPage :122 - Getting text from confirmation message : [[ChromeDriver: chrome on windows (e88d668a787702fd4ca0d5811aa706fa)] -> xpath: //div[@class='result']]
2023-12-17 21:12:19 INFO  HomePage :46 - Clicking on login link : [[ChromeDriver: chrome on windows (7d935517e426830c7277646a122ffba8)] -> xpath: //a[normalize-space()='Log in']]
2023-12-17 21:12:209 INFO  LoginPage :45 - Sending text to email field : [[ChromeDriver: chrome on windows (7d935517e426830c7277646a122ffba8)] -> id: Email]
2023-12-17 21:12:373 INFO  LoginPage :50 - Sending text to password field : [[ChromeDriver: chrome on windows (7d935517e426830c7277646a122ffba8)] -> id: Password]
2023-12-17 21:12:692 INFO  LoginPage :55 - Clicking on login button : [[ChromeDriver: chrome on windows (7d935517e426830c7277646a122ffba8)] -> xpath: //button[normalize-space()='Log in']]
2023-12-17 21:12:809 INFO  LoginPage :59 - Getting login unsuccessful message : [[ChromeDriver: chrome on windows (7d935517e426830c7277646a122ffba8)] -> xpath: //div[@class='message-error validation-summary-errors']]
2023-12-17 21:12:535 INFO  HomePage :46 - Clicking on login link : [[ChromeDriver: chrome on windows (558fbf3639a5afccc2b790b043834416)] -> xpath: //a[normalize-space()='Log in']]
2023-12-17 21:12:673 INFO  LoginPage :45 - Sending text to email field : [[ChromeDriver: chrome on windows (558fbf3639a5afccc2b790b043834416)] -> id: Email]
2023-12-17 21:12:785 INFO  LoginPage :50 - Sending text to password field : [[ChromeDriver: chrome on windows (558fbf3639a5afccc2b790b043834416)] -> id: Password]
2023-12-17 21:12:172 INFO  LoginPage :55 - Clicking on login button : [[ChromeDriver: chrome on windows (558fbf3639a5afccc2b790b043834416)] -> xpath: //button[normalize-space()='Log in']]
2023-12-17 21:12:228 INFO  LoginPage :59 - Getting login unsuccessful message : [[ChromeDriver: chrome on windows (558fbf3639a5afccc2b790b043834416)] -> xpath: //div[@class='message-error validation-summary-errors']]
2023-12-17 21:12:873 INFO  HomePage :46 - Clicking on login link : [[ChromeDriver: chrome on windows (bd36e6b09546f7cd1a1a3c1e34efcaf9)] -> xpath: //a[normalize-space()='Log in']]
2023-12-17 21:12:969 INFO  LoginPage :39 - Getting welcome message : [[ChromeDriver: chrome on windows (bd36e6b09546f7cd1a1a3c1e34efcaf9)] -> xpath: //h1[normalize-space()='Welcome, Please Sign In!']]
2023-12-17 21:12:774 INFO  HomePage :46 - Clicking on login link : [[ChromeDriver: chrome on windows (a20d88a752118f52255833d0110e7286)] -> xpath: //a[normalize-space()='Log in']]
2023-12-17 21:12:51 INFO  LoginPage :45 - Sending text to email field : [[ChromeDriver: chrome on windows (a20d88a752118f52255833d0110e7286)] -> id: Email]
2023-12-17 21:12:292 INFO  LoginPage :50 - Sending text to password field : [[ChromeDriver: chrome on windows (a20d88a752118f52255833d0110e7286)] -> id: Password]
2023-12-17 21:12:761 INFO  LoginPage :55 - Clicking on login button : [[ChromeDriver: chrome on windows (a20d88a752118f52255833d0110e7286)] -> xpath: //button[normalize-space()='Log in']]
2023-12-17 21:12:818 INFO  LoginPage :59 - Getting login unsuccessful message : [[ChromeDriver: chrome on windows (a20d88a752118f52255833d0110e7286)] -> xpath: //div[@class='message-error validation-summary-errors']]
2023-12-17 21:12:944 INFO  HomePage :46 - Clicking on login link : [[ChromeDriver: chrome on windows (8258963656bc74c838069fe049fdd7b2)] -> xpath: //a[normalize-space()='Log in']]
2023-12-17 21:12:417 INFO  LoginPage :45 - Sending text to email field : [[ChromeDriver: chrome on windows (8258963656bc74c838069fe049fdd7b2)] -> id: Email]
2023-12-17 21:12:687 INFO  LoginPage :50 - Sending text to password field : [[ChromeDriver: chrome on windows (8258963656bc74c838069fe049fdd7b2)] -> id: Password]
2023-12-17 21:12:61 INFO  LoginPage :55 - Clicking on login button : [[ChromeDriver: chrome on windows (8258963656bc74c838069fe049fdd7b2)] -> xpath: //button[normalize-space()='Log in']]
2023-12-17 21:12:919 INFO  HomePage :46 - Clicking on login link : [[ChromeDriver: chrome on windows (190aa2f9f4ec1b87882dd2ce91697562)] -> xpath: //a[normalize-space()='Log in']]
2023-12-17 21:12:979 INFO  LoginPage :39 - Getting welcome message : [[ChromeDriver: chrome on windows (190aa2f9f4ec1b87882dd2ce91697562)] -> xpath: //h1[normalize-space()='Welcome, Please Sign In!']]
2023-12-17 21:12:391 INFO  HomePage :46 - Clicking on login link : [[ChromeDriver: chrome on windows (0c1e35f7b6711281f5da5e4167ce7f2c)] -> xpath: //a[normalize-space()='Log in']]
2023-12-17 21:12:278 INFO  LoginPage :45 - Sending text to email field : [[ChromeDriver: chrome on windows (0c1e35f7b6711281f5da5e4167ce7f2c)] -> id: Email]
2023-12-17 21:12:474 INFO  LoginPage :50 - Sending text to password field : [[ChromeDriver: chrome on windows (0c1e35f7b6711281f5da5e4167ce7f2c)] -> id: Password]
2023-12-17 21:12:865 INFO  LoginPage :55 - Clicking on login button : [[ChromeDriver: chrome on windows (0c1e35f7b6711281f5da5e4167ce7f2c)] -> xpath: //button[normalize-space()='Log in']]
2023-12-17 21:12:925 INFO  LoginPage :59 - Getting login unsuccessful message : [[ChromeDriver: chrome on windows (0c1e35f7b6711281f5da5e4167ce7f2c)] -> xpath: //div[@class='message-error validation-summary-errors']]
2023-12-17 21:12:790 INFO  HomePage :46 - Clicking on login link : [[ChromeDriver: chrome on windows (2c9bc4ec9a213e1114cfc5df7467f697)] -> xpath: //a[normalize-space()='Log in']]
2023-12-17 21:12:954 INFO  LoginPage :45 - Sending text to email field : [[ChromeDriver: chrome on windows (2c9bc4ec9a213e1114cfc5df7467f697)] -> id: Email]
2023-12-17 21:12:67 INFO  LoginPage :50 - Sending text to password field : [[ChromeDriver: chrome on windows (2c9bc4ec9a213e1114cfc5df7467f697)] -> id: Password]
2023-12-17 21:12:408 INFO  LoginPage :55 - Clicking on login button : [[ChromeDriver: chrome on windows (2c9bc4ec9a213e1114cfc5df7467f697)] -> xpath: //button[normalize-space()='Log in']]
2023-12-17 21:12:23 INFO  HomePage :46 - Clicking on login link : [[ChromeDriver: chrome on windows (dbe2db6ef2a5cdcd79788cf261d2d86a)] -> xpath: //a[normalize-space()='Log in']]
2023-12-17 21:12:155 INFO  LoginPage :45 - Sending text to email field : [[ChromeDriver: chrome on windows (dbe2db6ef2a5cdcd79788cf261d2d86a)] -> id: Email]
2023-12-17 21:12:312 INFO  LoginPage :50 - Sending text to password field : [[ChromeDriver: chrome on windows (dbe2db6ef2a5cdcd79788cf261d2d86a)] -> id: Password]
2023-12-17 21:12:644 INFO  LoginPage :55 - Clicking on login button : [[ChromeDriver: chrome on windows (dbe2db6ef2a5cdcd79788cf261d2d86a)] -> xpath: //button[normalize-space()='Log in']]
2023-12-17 21:12:397 INFO  HomePage :36 - Clicking on computer page link : [[ChromeDriver: chrome on windows (85b6a83ec59867b4f921ded85cf7a9ab)] -> xpath: //ul[@class='top-menu notmobile']//a[normalize-space()='Computers']]
2023-12-17 21:12:443 INFO  ComputersPage :26 - Getting Computers Text : [[ChromeDriver: chrome on windows (85b6a83ec59867b4f921ded85cf7a9ab)] -> xpath: //h1[normalize-space()='Computers']]
2023-12-17 21:12:734 INFO  HomePage :36 - Clicking on computer page link : [[ChromeDriver: chrome on windows (f1b928a798cc02c6f646215eb265e11a)] -> xpath: //ul[@class='top-menu notmobile']//a[normalize-space()='Computers']]
2023-12-17 21:12:298 INFO  ComputersPage :32 - Clicking On Desktops menu : [[ChromeDriver: chrome on windows (f1b928a798cc02c6f646215eb265e11a)] -> xpath: //li[@class='active last']//a[normalize-space()='Desktops']]
2023-12-17 21:12:322 INFO  DesktopPage :28 - Getting Computers Text : [[ChromeDriver: chrome on windows (f1b928a798cc02c6f646215eb265e11a)] -> xpath: //h1[normalize-space()='Desktops']]
2023-12-17 21:12:191 INFO  HomePage :36 - Clicking on computer page link : [[ChromeDriver: chrome on windows (113423e6c6a2bec536c5d4056c9f125d)] -> xpath: //ul[@class='top-menu notmobile']//a[normalize-space()='Computers']]
2023-12-17 21:12:260 INFO  ComputersPage :32 - Clicking On Desktops menu : [[ChromeDriver: chrome on windows (113423e6c6a2bec536c5d4056c9f125d)] -> xpath: //li[@class='active last']//a[normalize-space()='Desktops']]
2023-12-17 21:12:748 INFO  DesktopPage :34 - Clicking On Build Your Computer link : [[ChromeDriver: chrome on windows (113423e6c6a2bec536c5d4056c9f125d)] -> xpath: //h2[@class='product-title']//a[normalize-space()='Build your own computer']]
2023-12-17 21:12:15 INFO  BuildYourOwnComputerPage :64 - Selecting processor from drop-down : [[ChromeDriver: chrome on windows (113423e6c6a2bec536c5d4056c9f125d)] -> xpath: //select[@id='product_attribute_1']]
2023-12-17 21:12:284 INFO  BuildYourOwnComputerPage :69 - Selecting RAM from drop-down : [[ChromeDriver: chrome on windows (113423e6c6a2bec536c5d4056c9f125d)] -> xpath: //select[@id='product_attribute_2']]
2023-12-17 21:12:478 INFO  BuildYourOwnComputerPage :74 - Selecting 320GB HDD : [[ChromeDriver: chrome on windows (113423e6c6a2bec536c5d4056c9f125d)] -> xpath: //input[@id='product_attribute_3_6']]
2023-12-17 21:12:584 INFO  BuildYourOwnComputerPage :84 - Selecting Vista Home OS : [[ChromeDriver: chrome on windows (113423e6c6a2bec536c5d4056c9f125d)] -> xpath: //input[@id='product_attribute_4_8']]
2023-12-17 21:12:697 INFO  BuildYourOwnComputerPage :94 - Clicking on Microsoft Office Software : [[ChromeDriver: chrome on windows (113423e6c6a2bec536c5d4056c9f125d)] -> xpath: //input[@id='product_attribute_5_10']]
2023-12-17 21:12:770 INFO  BuildYourOwnComputerPage :94 - Clicking on Microsoft Office Software : [[ChromeDriver: chrome on windows (113423e6c6a2bec536c5d4056c9f125d)] -> xpath: //input[@id='product_attribute_5_10']]
2023-12-17 21:12:842 INFO  BuildYourOwnComputerPage :109 - Clicking on Add to Cart : [[ChromeDriver: chrome on windows (113423e6c6a2bec536c5d4056c9f125d)] -> xpath: //button[@id='add-to-cart-button-1']]
2023-12-17 21:12:445 INFO  BuildYourOwnComputerPage :113 - Getting Add to cart success message : [[ChromeDriver: chrome on windows (113423e6c6a2bec536c5d4056c9f125d)] -> xpath: //p[@class='content']]
2023-12-17 21:12:340 INFO  HomePage :36 - Clicking on computer page link : [[ChromeDriver: chrome on windows (0e0e22dee8f7bb50266d86ccf64ce312)] -> xpath: //ul[@class='top-menu notmobile']//a[normalize-space()='Computers']]
2023-12-17 21:12:876 INFO  ComputersPage :32 - Clicking On Desktops menu : [[ChromeDriver: chrome on windows (0e0e22dee8f7bb50266d86ccf64ce312)] -> xpath: //li[@class='active last']//a[normalize-space()='Desktops']]
2023-12-17 21:12:290 INFO  DesktopPage :34 - Clicking On Build Your Computer link : [[ChromeDriver: chrome on windows (0e0e22dee8f7bb50266d86ccf64ce312)] -> xpath: //h2[@class='product-title']//a[normalize-space()='Build your own computer']]
2023-12-17 21:12:427 INFO  BuildYourOwnComputerPage :64 - Selecting processor from drop-down : [[ChromeDriver: chrome on windows (0e0e22dee8f7bb50266d86ccf64ce312)] -> xpath: //select[@id='product_attribute_1']]
2023-12-17 21:12:546 INFO  BuildYourOwnComputerPage :69 - Selecting RAM from drop-down : [[ChromeDriver: chrome on windows (0e0e22dee8f7bb50266d86ccf64ce312)] -> xpath: //select[@id='product_attribute_2']]
2023-12-17 21:12:618 INFO  BuildYourOwnComputerPage :79 - Selecting 400GB HDD : [[ChromeDriver: chrome on windows (0e0e22dee8f7bb50266d86ccf64ce312)] -> xpath: //input[@id='product_attribute_3_7']]
2023-12-17 21:12:677 INFO  BuildYourOwnComputerPage :89 - Selecting Vista Premier OS : [[ChromeDriver: chrome on windows (0e0e22dee8f7bb50266d86ccf64ce312)] -> xpath: //input[@id='product_attribute_4_9']]
2023-12-17 21:12:745 INFO  BuildYourOwnComputerPage :94 - Clicking on Microsoft Office Software : [[ChromeDriver: chrome on windows (0e0e22dee8f7bb50266d86ccf64ce312)] -> xpath: //input[@id='product_attribute_5_10']]
2023-12-17 21:12:807 INFO  BuildYourOwnComputerPage :99 - Clicking on Acrobat Reader Software : [[ChromeDriver: chrome on windows (0e0e22dee8f7bb50266d86ccf64ce312)] -> xpath: //input[@id='product_attribute_5_11']]
2023-12-17 21:12:864 INFO  BuildYourOwnComputerPage :109 - Clicking on Add to Cart : [[ChromeDriver: chrome on windows (0e0e22dee8f7bb50266d86ccf64ce312)] -> xpath: //button[@id='add-to-cart-button-1']]
2023-12-17 21:12:527 INFO  BuildYourOwnComputerPage :113 - Getting Add to cart success message : [[ChromeDriver: chrome on windows (0e0e22dee8f7bb50266d86ccf64ce312)] -> xpath: //p[@class='content']]
2023-12-17 21:12:560 INFO  HomePage :36 - Clicking on computer page link : [[ChromeDriver: chrome on windows (0b58e599468446605679770fd11f70b7)] -> xpath: //ul[@class='top-menu notmobile']//a[normalize-space()='Computers']]
2023-12-17 21:12:375 INFO  ComputersPage :32 - Clicking On Desktops menu : [[ChromeDriver: chrome on windows (0b58e599468446605679770fd11f70b7)] -> xpath: //li[@class='active last']//a[normalize-space()='Desktops']]
2023-12-17 21:12:894 INFO  DesktopPage :34 - Clicking On Build Your Computer link : [[ChromeDriver: chrome on windows (0b58e599468446605679770fd11f70b7)] -> xpath: //h2[@class='product-title']//a[normalize-space()='Build your own computer']]
2023-12-17 21:12:45 INFO  BuildYourOwnComputerPage :64 - Selecting processor from drop-down : [[ChromeDriver: chrome on windows (0b58e599468446605679770fd11f70b7)] -> xpath: //select[@id='product_attribute_1']]
2023-12-17 21:12:311 INFO  BuildYourOwnComputerPage :69 - Selecting RAM from drop-down : [[ChromeDriver: chrome on windows (0b58e599468446605679770fd11f70b7)] -> xpath: //select[@id='product_attribute_2']]
2023-12-17 21:12:529 INFO  BuildYourOwnComputerPage :74 - Selecting 320GB HDD : [[ChromeDriver: chrome on windows (0b58e599468446605679770fd11f70b7)] -> xpath: //input[@id='product_attribute_3_6']]
2023-12-17 21:12:638 INFO  BuildYourOwnComputerPage :89 - Selecting Vista Premier OS : [[ChromeDriver: chrome on windows (0b58e599468446605679770fd11f70b7)] -> xpath: //input[@id='product_attribute_4_9']]
2023-12-17 21:12:756 INFO  BuildYourOwnComputerPage :94 - Clicking on Microsoft Office Software : [[ChromeDriver: chrome on windows (0b58e599468446605679770fd11f70b7)] -> xpath: //input[@id='product_attribute_5_10']]
2023-12-17 21:12:849 INFO  BuildYourOwnComputerPage :104 - Clicking on Total Commander Software : [[ChromeDriver: chrome on windows (0b58e599468446605679770fd11f70b7)] -> xpath: //input[@id='product_attribute_5_12']]
2023-12-17 21:12:912 INFO  BuildYourOwnComputerPage :109 - Clicking on Add to Cart : [[ChromeDriver: chrome on windows (0b58e599468446605679770fd11f70b7)] -> xpath: //button[@id='add-to-cart-button-1']]
2023-12-17 21:12:129 INFO  BuildYourOwnComputerPage :113 - Getting Add to cart success message : [[ChromeDriver: chrome on windows (0b58e599468446605679770fd11f70b7)] -> xpath: //p[@class='content']]
2023-12-17 21:12:602 INFO  HomePage :46 - Clicking on login link : [[ChromeDriver: chrome on windows (de3e83c98af1788ebc621f747861c8f9)] -> xpath: //a[normalize-space()='Log in']]
2023-12-17 21:12:650 INFO  LoginPage :39 - Getting welcome message : [[ChromeDriver: chrome on windows (de3e83c98af1788ebc621f747861c8f9)] -> xpath: //h1[normalize-space()='Welcome, Please Sign In!']]
2023-12-17 21:12:734 INFO  HomePage :46 - Clicking on login link : [[ChromeDriver: chrome on windows (d3322526c047677a6293d3461ead7cb5)] -> xpath: //a[normalize-space()='Log in']]
2023-12-17 21:12:888 INFO  LoginPage :45 - Sending text to email field : [[ChromeDriver: chrome on windows (d3322526c047677a6293d3461ead7cb5)] -> id: Email]
2023-12-17 21:12:57 INFO  LoginPage :50 - Sending text to password field : [[ChromeDriver: chrome on windows (d3322526c047677a6293d3461ead7cb5)] -> id: Password]
2023-12-17 21:12:393 INFO  LoginPage :55 - Clicking on login button : [[ChromeDriver: chrome on windows (d3322526c047677a6293d3461ead7cb5)] -> xpath: //button[normalize-space()='Log in']]
2023-12-17 21:12:548 INFO  LoginPage :59 - Getting login unsuccessful message : [[ChromeDriver: chrome on windows (d3322526c047677a6293d3461ead7cb5)] -> xpath: //div[@class='message-error validation-summary-errors']]
2023-12-17 21:12:662 INFO  HomePage :46 - Clicking on login link : [[ChromeDriver: chrome on windows (23409a57d9db3c724651c7f7c767348a)] -> xpath: //a[normalize-space()='Log in']]
2023-12-17 21:12:809 INFO  LoginPage :45 - Sending text to email field : [[ChromeDriver: chrome on windows (23409a57d9db3c724651c7f7c767348a)] -> id: Email]
2023-12-17 21:12:901 INFO  LoginPage :50 - Sending text to password field : [[ChromeDriver: chrome on windows (23409a57d9db3c724651c7f7c767348a)] -> id: Password]
2023-12-17 21:12:360 INFO  LoginPage :55 - Clicking on login button : [[ChromeDriver: chrome on windows (23409a57d9db3c724651c7f7c767348a)] -> xpath: //button[normalize-space()='Log in']]
2023-12-17 21:12:212 INFO  HomePage :46 - Clicking on login link : [[ChromeDriver: chrome on windows (3902f6a05003eba6a8a090eee5355b0a)] -> xpath: //a[normalize-space()='Log in']]
2023-12-17 21:12:355 INFO  LoginPage :45 - Sending text to email field : [[ChromeDriver: chrome on windows (3902f6a05003eba6a8a090eee5355b0a)] -> id: Email]
2023-12-17 21:12:514 INFO  LoginPage :50 - Sending text to password field : [[ChromeDriver: chrome on windows (3902f6a05003eba6a8a090eee5355b0a)] -> id: Password]
2023-12-17 21:12:145 INFO  LoginPage :55 - Clicking on login button : [[ChromeDriver: chrome on windows (3902f6a05003eba6a8a090eee5355b0a)] -> xpath: //button[normalize-space()='Log in']]
2023-12-17 21:12:665 INFO  HomePage :41 - Clicking on logout link : [[ChromeDriver: chrome on windows (3902f6a05003eba6a8a090eee5355b0a)] -> xpath: //a[normalize-space()='Log out']]
2023-12-17 21:12:660 INFO  RegisterPage :87 - Getting welcome message : [[ChromeDriver: chrome on windows (5b7120c3cb6c405d89d8e5bd7e71332b)] -> xpath: //h1[normalize-space()='Register']]
2023-12-17 21:12:694 INFO  RegisterPage :118 - Clicking on register button : [[ChromeDriver: chrome on windows (761364358940f9517774670cad630b24)] -> xpath: //button[@id='register-button']]
2023-12-17 21:12:723 INFO  RegisterPage :127 - Getting error message for firstname field : [[ChromeDriver: chrome on windows (761364358940f9517774670cad630b24)] -> id: FirstName-error]
2023-12-17 21:12:756 INFO  RegisterPage :132 - Getting error message for lastname field : [[ChromeDriver: chrome on windows (761364358940f9517774670cad630b24)] -> id: LastName-error]
2023-12-17 21:12:785 INFO  RegisterPage :137 - Getting error message for email field : [[ChromeDriver: chrome on windows (761364358940f9517774670cad630b24)] -> id: Email-error]
2023-12-17 21:12:814 INFO  RegisterPage :142 - Getting error message for password field : [[ChromeDriver: chrome on windows (761364358940f9517774670cad630b24)] -> id: Password-error]
2023-12-17 21:12:842 INFO  RegisterPage :147 - Getting error message for conform password field : [[ChromeDriver: chrome on windows (761364358940f9517774670cad630b24)] -> id: ConfirmPassword-error]
2023-12-17 21:12:23 INFO  RegisterPage :153 - Clicking on male radio button : [[ChromeDriver: chrome on windows (881fa619688b144239d22a7f3fdbc826)] -> id: gender-male]
2023-12-17 21:12:109 INFO  RegisterPage :93 - Sending text to firstname field : [[ChromeDriver: chrome on windows (881fa619688b144239d22a7f3fdbc826)] -> xpath: //input[@id='FirstName']]
2023-12-17 21:12:189 INFO  RegisterPage :98 - Sending text to lastname field : [[ChromeDriver: chrome on windows (881fa619688b144239d22a7f3fdbc826)] -> xpath: //input[@id='LastName']]
2023-12-17 21:12:294 INFO  RegisterPage :158 - Selecting day for DOB : [[ChromeDriver: chrome on windows (881fa619688b144239d22a7f3fdbc826)] -> xpath: //select[@name='DateOfBirthDay']]
2023-12-17 21:12:391 INFO  RegisterPage :163 - Selecting month for DOB : [[ChromeDriver: chrome on windows (881fa619688b144239d22a7f3fdbc826)] -> xpath: //select[@name='DateOfBirthMonth']]
2023-12-17 21:12:484 INFO  RegisterPage :168 - Selecting year for DOB : [[ChromeDriver: chrome on windows (881fa619688b144239d22a7f3fdbc826)] -> xpath: //select[@name='DateOfBirthYear']]
2023-12-17 21:12:601 INFO  RegisterPage :103 - Sending text to email field : [[ChromeDriver: chrome on windows (881fa619688b144239d22a7f3fdbc826)] -> xpath: //input[@id='Email']]
2023-12-17 21:12:709 INFO  RegisterPage :108 - Sending text to password field : [[ChromeDriver: chrome on windows (881fa619688b144239d22a7f3fdbc826)] -> xpath: //input[@id='Password']]
2023-12-17 21:12:808 INFO  RegisterPage :113 - Sending text to confirm password field : [[ChromeDriver: chrome on windows (881fa619688b144239d22a7f3fdbc826)] -> xpath: //input[@id='ConfirmPassword']]
2023-12-17 21:12:291 INFO  RegisterPage :118 - Clicking on register button : [[ChromeDriver: chrome on windows (881fa619688b144239d22a7f3fdbc826)] -> xpath: //button[@id='register-button']]
2023-12-17 21:12:372 INFO  RegisterPage :122 - Getting text from confirmation message : [[ChromeDriver: chrome on windows (881fa619688b144239d22a7f3fdbc826)] -> xpath: //div[@class='result']]
2023-12-18 00:12:90 INFO  HomePage :36 - Clicking on computer page link : [[ChromeDriver: chrome on windows (ca551cf80b9c8c21516f45b8e63ddabd)] -> xpath: //ul[@class='top-menu notmobile']//a[normalize-space()='Computers']]
2023-12-18 00:12:159 INFO  ComputersPage :26 - Getting Computers Text : [[ChromeDriver: chrome on windows (ca551cf80b9c8c21516f45b8e63ddabd)] -> xpath: //h1[normalize-space()='Computers']]
2023-12-18 00:12:129 INFO  HomePage :36 - Clicking on computer page link : [[ChromeDriver: chrome on windows (8bef94f22fec4bf1ace6bc1f7198cc5b)] -> xpath: //ul[@class='top-menu notmobile']//a[normalize-space()='Computers']]
2023-12-18 00:12:23 INFO  ComputersPage :32 - Clicking On Desktops menu : [[ChromeDriver: chrome on windows (8bef94f22fec4bf1ace6bc1f7198cc5b)] -> xpath: //li[@class='active last']//a[normalize-space()='Desktops']]
2023-12-18 00:12:60 INFO  DesktopPage :28 - Getting Computers Text : [[ChromeDriver: chrome on windows (8bef94f22fec4bf1ace6bc1f7198cc5b)] -> xpath: //h1[normalize-space()='Desktops']]
2023-12-18 00:12:587 INFO  HomePage :36 - Clicking on computer page link : [[ChromeDriver: chrome on windows (de36cf7bfa3a6b3e28a0dfd3b7e696a1)] -> xpath: //ul[@class='top-menu notmobile']//a[normalize-space()='Computers']]
2023-12-18 00:12:591 INFO  ComputersPage :32 - Clicking On Desktops menu : [[ChromeDriver: chrome on windows (de36cf7bfa3a6b3e28a0dfd3b7e696a1)] -> xpath: //li[@class='active last']//a[normalize-space()='Desktops']]
2023-12-18 00:12:282 INFO  DesktopPage :34 - Clicking On Build Your Computer link : [[ChromeDriver: chrome on windows (de36cf7bfa3a6b3e28a0dfd3b7e696a1)] -> xpath: //h2[@class='product-title']//a[normalize-space()='Build your own computer']]
2023-12-18 00:12:509 INFO  BuildYourOwnComputerPage :64 - Selecting processor from drop-down : [[ChromeDriver: chrome on windows (de36cf7bfa3a6b3e28a0dfd3b7e696a1)] -> xpath: //select[@id='product_attribute_1']]
2023-12-18 00:12:613 INFO  BuildYourOwnComputerPage :69 - Selecting RAM from drop-down : [[ChromeDriver: chrome on windows (de36cf7bfa3a6b3e28a0dfd3b7e696a1)] -> xpath: //select[@id='product_attribute_2']]
2023-12-18 00:12:691 INFO  BuildYourOwnComputerPage :74 - Selecting 320GB HDD : [[ChromeDriver: chrome on windows (de36cf7bfa3a6b3e28a0dfd3b7e696a1)] -> xpath: //input[@id='product_attribute_3_6']]
2023-12-18 00:12:753 INFO  BuildYourOwnComputerPage :84 - Selecting Vista Home OS : [[ChromeDriver: chrome on windows (de36cf7bfa3a6b3e28a0dfd3b7e696a1)] -> xpath: //input[@id='product_attribute_4_8']]
2023-12-18 00:12:810 INFO  BuildYourOwnComputerPage :94 - Clicking on Microsoft Office Software : [[ChromeDriver: chrome on windows (de36cf7bfa3a6b3e28a0dfd3b7e696a1)] -> xpath: //input[@id='product_attribute_5_10']]
2023-12-18 00:12:858 INFO  BuildYourOwnComputerPage :94 - Clicking on Microsoft Office Software : [[ChromeDriver: chrome on windows (de36cf7bfa3a6b3e28a0dfd3b7e696a1)] -> xpath: //input[@id='product_attribute_5_10']]
2023-12-18 00:12:919 INFO  BuildYourOwnComputerPage :109 - Clicking on Add to Cart : [[ChromeDriver: chrome on windows (de36cf7bfa3a6b3e28a0dfd3b7e696a1)] -> xpath: //button[@id='add-to-cart-button-1']]
2023-12-18 00:12:632 INFO  BuildYourOwnComputerPage :113 - Getting Add to cart success message : [[ChromeDriver: chrome on windows (de36cf7bfa3a6b3e28a0dfd3b7e696a1)] -> xpath: //p[@class='content']]
2023-12-18 00:12:644 INFO  HomePage :36 - Clicking on computer page link : [[ChromeDriver: chrome on windows (03c1b3f4844a9f48617d4d738a1c05c6)] -> xpath: //ul[@class='top-menu notmobile']//a[normalize-space()='Computers']]
2023-12-18 00:12:368 INFO  ComputersPage :32 - Clicking On Desktops menu : [[ChromeDriver: chrome on windows (03c1b3f4844a9f48617d4d738a1c05c6)] -> xpath: //li[@class='active last']//a[normalize-space()='Desktops']]
2023-12-18 00:12:847 INFO  DesktopPage :34 - Clicking On Build Your Computer link : [[ChromeDriver: chrome on windows (03c1b3f4844a9f48617d4d738a1c05c6)] -> xpath: //h2[@class='product-title']//a[normalize-space()='Build your own computer']]
2023-12-18 00:12:973 INFO  BuildYourOwnComputerPage :64 - Selecting processor from drop-down : [[ChromeDriver: chrome on windows (03c1b3f4844a9f48617d4d738a1c05c6)] -> xpath: //select[@id='product_attribute_1']]
2023-12-18 00:12:89 INFO  BuildYourOwnComputerPage :69 - Selecting RAM from drop-down : [[ChromeDriver: chrome on windows (03c1b3f4844a9f48617d4d738a1c05c6)] -> xpath: //select[@id='product_attribute_2']]
2023-12-18 00:12:157 INFO  BuildYourOwnComputerPage :79 - Selecting 400GB HDD : [[ChromeDriver: chrome on windows (03c1b3f4844a9f48617d4d738a1c05c6)] -> xpath: //input[@id='product_attribute_3_7']]
2023-12-18 00:12:213 INFO  BuildYourOwnComputerPage :89 - Selecting Vista Premier OS : [[ChromeDriver: chrome on windows (03c1b3f4844a9f48617d4d738a1c05c6)] -> xpath: //input[@id='product_attribute_4_9']]
2023-12-18 00:12:273 INFO  BuildYourOwnComputerPage :94 - Clicking on Microsoft Office Software : [[ChromeDriver: chrome on windows (03c1b3f4844a9f48617d4d738a1c05c6)] -> xpath: //input[@id='product_attribute_5_10']]
2023-12-18 00:12:331 INFO  BuildYourOwnComputerPage :99 - Clicking on Acrobat Reader Software : [[ChromeDriver: chrome on windows (03c1b3f4844a9f48617d4d738a1c05c6)] -> xpath: //input[@id='product_attribute_5_11']]
2023-12-18 00:12:393 INFO  BuildYourOwnComputerPage :109 - Clicking on Add to Cart : [[ChromeDriver: chrome on windows (03c1b3f4844a9f48617d4d738a1c05c6)] -> xpath: //button[@id='add-to-cart-button-1']]
2023-12-18 00:12:34 INFO  BuildYourOwnComputerPage :113 - Getting Add to cart success message : [[ChromeDriver: chrome on windows (03c1b3f4844a9f48617d4d738a1c05c6)] -> xpath: //p[@class='content']]
2023-12-18 00:12:718 INFO  HomePage :36 - Clicking on computer page link : [[ChromeDriver: chrome on windows (cf0ed40f7de34a30d31724b8a8a6cac3)] -> xpath: //ul[@class='top-menu notmobile']//a[normalize-space()='Computers']]
2023-12-18 00:12:393 INFO  ComputersPage :32 - Clicking On Desktops menu : [[ChromeDriver: chrome on windows (cf0ed40f7de34a30d31724b8a8a6cac3)] -> xpath: //li[@class='active last']//a[normalize-space()='Desktops']]
2023-12-18 00:12:870 INFO  DesktopPage :34 - Clicking On Build Your Computer link : [[ChromeDriver: chrome on windows (cf0ed40f7de34a30d31724b8a8a6cac3)] -> xpath: //h2[@class='product-title']//a[normalize-space()='Build your own computer']]
2023-12-18 00:12:967 INFO  BuildYourOwnComputerPage :64 - Selecting processor from drop-down : [[ChromeDriver: chrome on windows (cf0ed40f7de34a30d31724b8a8a6cac3)] -> xpath: //select[@id='product_attribute_1']]
2023-12-18 00:12:82 INFO  BuildYourOwnComputerPage :69 - Selecting RAM from drop-down : [[ChromeDriver: chrome on windows (cf0ed40f7de34a30d31724b8a8a6cac3)] -> xpath: //select[@id='product_attribute_2']]
2023-12-18 00:12:152 INFO  BuildYourOwnComputerPage :74 - Selecting 320GB HDD : [[ChromeDriver: chrome on windows (cf0ed40f7de34a30d31724b8a8a6cac3)] -> xpath: //input[@id='product_attribute_3_6']]
2023-12-18 00:12:220 INFO  BuildYourOwnComputerPage :89 - Selecting Vista Premier OS : [[ChromeDriver: chrome on windows (cf0ed40f7de34a30d31724b8a8a6cac3)] -> xpath: //input[@id='product_attribute_4_9']]
2023-12-18 00:12:280 INFO  BuildYourOwnComputerPage :94 - Clicking on Microsoft Office Software : [[ChromeDriver: chrome on windows (cf0ed40f7de34a30d31724b8a8a6cac3)] -> xpath: //input[@id='product_attribute_5_10']]
2023-12-18 00:12:337 INFO  BuildYourOwnComputerPage :104 - Clicking on Total Commander Software : [[ChromeDriver: chrome on windows (cf0ed40f7de34a30d31724b8a8a6cac3)] -> xpath: //input[@id='product_attribute_5_12']]
2023-12-18 00:12:393 INFO  BuildYourOwnComputerPage :109 - Clicking on Add to Cart : [[ChromeDriver: chrome on windows (cf0ed40f7de34a30d31724b8a8a6cac3)] -> xpath: //button[@id='add-to-cart-button-1']]
2023-12-18 00:12:609 INFO  BuildYourOwnComputerPage :113 - Getting Add to cart success message : [[ChromeDriver: chrome on windows (cf0ed40f7de34a30d31724b8a8a6cac3)] -> xpath: //p[@class='content']]
2023-12-18 00:12:997 INFO  HomePage :46 - Clicking on login link : [[ChromeDriver: chrome on windows (8920ccdca552f7e701c2008b626865eb)] -> xpath: //a[normalize-space()='Log in']]
2023-12-18 00:12:25 INFO  LoginPage :39 - Getting welcome message : [[ChromeDriver: chrome on windows (8920ccdca552f7e701c2008b626865eb)] -> xpath: //h1[normalize-space()='Welcome, Please Sign In!']]
2023-12-18 00:12:272 INFO  HomePage :46 - Clicking on login link : [[ChromeDriver: chrome on windows (9e63216b887697ebd6a13e2ea3d214f4)] -> xpath: //a[normalize-space()='Log in']]
2023-12-18 00:12:385 INFO  LoginPage :45 - Sending text to email field : [[ChromeDriver: chrome on windows (9e63216b887697ebd6a13e2ea3d214f4)] -> id: Email]
2023-12-18 00:12:473 INFO  LoginPage :50 - Sending text to password field : [[ChromeDriver: chrome on windows (9e63216b887697ebd6a13e2ea3d214f4)] -> id: Password]
2023-12-18 00:12:746 INFO  LoginPage :55 - Clicking on login button : [[ChromeDriver: chrome on windows (9e63216b887697ebd6a13e2ea3d214f4)] -> xpath: //button[normalize-space()='Log in']]
2023-12-18 00:12:838 INFO  LoginPage :59 - Getting login unsuccessful message : [[ChromeDriver: chrome on windows (9e63216b887697ebd6a13e2ea3d214f4)] -> xpath: //div[@class='message-error validation-summary-errors']]
2023-12-18 00:12:788 INFO  HomePage :46 - Clicking on login link : [[ChromeDriver: chrome on windows (dc2edaaa0162bba4619d10491904fa27)] -> xpath: //a[normalize-space()='Log in']]
2023-12-18 00:12:902 INFO  LoginPage :45 - Sending text to email field : [[ChromeDriver: chrome on windows (dc2edaaa0162bba4619d10491904fa27)] -> id: Email]
2023-12-18 00:12:14 INFO  LoginPage :50 - Sending text to password field : [[ChromeDriver: chrome on windows (dc2edaaa0162bba4619d10491904fa27)] -> id: Password]
2023-12-18 00:12:365 INFO  LoginPage :55 - Clicking on login button : [[ChromeDriver: chrome on windows (dc2edaaa0162bba4619d10491904fa27)] -> xpath: //button[normalize-space()='Log in']]
2023-12-18 00:12:729 INFO  HomePage :46 - Clicking on login link : [[ChromeDriver: chrome on windows (a1e593c8102a15d3183e9f82e4e0e5bc)] -> xpath: //a[normalize-space()='Log in']]
2023-12-18 00:12:934 INFO  LoginPage :45 - Sending text to email field : [[ChromeDriver: chrome on windows (a1e593c8102a15d3183e9f82e4e0e5bc)] -> id: Email]
2023-12-18 00:12:34 INFO  LoginPage :50 - Sending text to password field : [[ChromeDriver: chrome on windows (a1e593c8102a15d3183e9f82e4e0e5bc)] -> id: Password]
2023-12-18 00:12:297 INFO  LoginPage :55 - Clicking on login button : [[ChromeDriver: chrome on windows (a1e593c8102a15d3183e9f82e4e0e5bc)] -> xpath: //button[normalize-space()='Log in']]
2023-12-18 00:12:494 INFO  RegisterPage :87 - Getting welcome message : [[ChromeDriver: chrome on windows (e7327f26aad3179d1145bf610ba6555c)] -> xpath: //h1[normalize-space()='Register']]
2023-12-18 00:12:918 INFO  RegisterPage :118 - Clicking on register button : [[ChromeDriver: chrome on windows (81378d50444a9a8b85de1f65894bed2b)] -> xpath: //button[@id='register-button']]
2023-12-18 00:12:943 INFO  RegisterPage :127 - Getting error message for firstname field : [[ChromeDriver: chrome on windows (81378d50444a9a8b85de1f65894bed2b)] -> id: FirstName-error]
2023-12-18 00:12:980 INFO  RegisterPage :132 - Getting error message for lastname field : [[ChromeDriver: chrome on windows (81378d50444a9a8b85de1f65894bed2b)] -> id: LastName-error]
2023-12-18 00:12:07 INFO  RegisterPage :137 - Getting error message for email field : [[ChromeDriver: chrome on windows (81378d50444a9a8b85de1f65894bed2b)] -> id: Email-error]
2023-12-18 00:12:35 INFO  RegisterPage :142 - Getting error message for password field : [[ChromeDriver: chrome on windows (81378d50444a9a8b85de1f65894bed2b)] -> id: Password-error]
2023-12-18 00:12:62 INFO  RegisterPage :147 - Getting error message for conform password field : [[ChromeDriver: chrome on windows (81378d50444a9a8b85de1f65894bed2b)] -> id: ConfirmPassword-error]
2023-12-18 00:12:789 INFO  RegisterPage :153 - Clicking on male radio button : [[ChromeDriver: chrome on windows (7d1d9eb48975b0f007cc14f027806cdf)] -> id: gender-male]
2023-12-18 00:12:878 INFO  RegisterPage :93 - Sending text to firstname field : [[ChromeDriver: chrome on windows (7d1d9eb48975b0f007cc14f027806cdf)] -> xpath: //input[@id='FirstName']]
2023-12-18 00:12:964 INFO  RegisterPage :98 - Sending text to lastname field : [[ChromeDriver: chrome on windows (7d1d9eb48975b0f007cc14f027806cdf)] -> xpath: //input[@id='LastName']]
2023-12-18 00:12:86 INFO  RegisterPage :158 - Selecting day for DOB : [[ChromeDriver: chrome on windows (7d1d9eb48975b0f007cc14f027806cdf)] -> xpath: //select[@name='DateOfBirthDay']]
2023-12-18 00:12:175 INFO  RegisterPage :163 - Selecting month for DOB : [[ChromeDriver: chrome on windows (7d1d9eb48975b0f007cc14f027806cdf)] -> xpath: //select[@name='DateOfBirthMonth']]
2023-12-18 00:12:263 INFO  RegisterPage :168 - Selecting year for DOB : [[ChromeDriver: chrome on windows (7d1d9eb48975b0f007cc14f027806cdf)] -> xpath: //select[@name='DateOfBirthYear']]
2023-12-18 00:12:360 INFO  RegisterPage :103 - Sending text to email field : [[ChromeDriver: chrome on windows (7d1d9eb48975b0f007cc14f027806cdf)] -> xpath: //input[@id='Email']]
2023-12-18 00:12:448 INFO  RegisterPage :108 - Sending text to password field : [[ChromeDriver: chrome on windows (7d1d9eb48975b0f007cc14f027806cdf)] -> xpath: //input[@id='Password']]
2023-12-18 00:12:528 INFO  RegisterPage :113 - Sending text to confirm password field : [[ChromeDriver: chrome on windows (7d1d9eb48975b0f007cc14f027806cdf)] -> xpath: //input[@id='ConfirmPassword']]
2023-12-18 00:12:40 INFO  RegisterPage :118 - Clicking on register button : [[ChromeDriver: chrome on windows (7d1d9eb48975b0f007cc14f027806cdf)] -> xpath: //button[@id='register-button']]
2023-12-18 00:12:73 INFO  RegisterPage :122 - Getting text from confirmation message : [[ChromeDriver: chrome on windows (7d1d9eb48975b0f007cc14f027806cdf)] -> xpath: //div[@class='result']]
